<?xml version="1.0" encoding="UTF-8"?>
<!-- Generated by org.testng.reporters.JUnitXMLReporter -->
<testsuite ignored="0" hostname="MX-IT-ANARUIZ4" failures="0" tests="4" name="Surefire test" time="29.444" errors="0" timestamp="2025-05-26T15:16:23 CST">
  <testcase classname="io.cucumber.testng.AbstractTestNGCucumberTests" name="@BeforeClass setUpClass" time="0.226">
    <failure type="java.lang.IllegalArgumentException" message="path must exist: C:\Users\Ana.Ruiz\eclipse-workspace\Art01\src\test\resources\features">
      <![CDATA[java.lang.IllegalArgumentException: path must exist: C:\Users\Ana.Ruiz\eclipse-workspace\Art01\src\test\resources\features
at io.cucumber.core.resource.PathScanner.findResourcesForPath(PathScanner.java:49)
at io.cucumber.core.resource.PathScanner.findResourcesForUri(PathScanner.java:31)
at io.cucumber.core.resource.ResourceScanner.findResourcesForUri(ResourceScanner.java:61)
at io.cucumber.core.resource.ResourceScanner.scanForResourcesUri(ResourceScanner.java:134)
at io.cucumber.core.runtime.FeaturePathFeatureSupplier.loadFeatures(FeaturePathFeatureSupplier.java:62)
at io.cucumber.core.runtime.FeaturePathFeatureSupplier.get(FeaturePathFeatureSupplier.java:45)
at io.cucumber.testng.TestNGCucumberRunner.<init>(TestNGCucumberRunner.java:122)
at io.cucumber.testng.AbstractTestNGCucumberTests.setUpClass(AbstractTestNGCucumberTests.java:27)
at java.base/java.util.ArrayList.forEach(ArrayList.java:1596)
... Removed 28 stack frames]]>
    </failure>
  </testcase> <!-- @BeforeClass setUpClass -->
  <testcase classname="Tests.FillFormTests" name="FillFormSteps" time="0.039"/>
  <testcase classname="Tests.FillFormTests" name="FillFormSteps" time="0.021"/>
  <testcase classname="Tests.FillFormTests" name="FillFormSteps" time="0.016"/>
  <testcase classname="Tests.RadioButtonTests" name="FillRadioButton" time="21.066"/>
</testsuite> <!-- Surefire test -->
